<?xml version="1.0" encoding="UTF-8"?>
<testng-results ignored="0" total="1" passed="1" failed="0" skipped="0">
  <reporter-output>
  </reporter-output>
  <suite started-at="2024-08-05T03:48:56Z" name="Surefire suite" finished-at="2024-08-05T03:48:56Z" duration-ms="19">
    <groups>
    </groups>
    <test started-at="2024-08-05T03:48:56Z" name="Surefire test" finished-at="2024-08-05T03:48:56Z" duration-ms="19">
      <class name="fitPeo.fitPeo.AppTest">
        <test-method signature="testApp()[pri:0, instance:testApp(fitPeo.fitPeo.AppTest)]" started-at="2024-08-05T03:48:56Z" name="testApp" finished-at="2024-08-05T03:48:56Z" duration-ms="2" status="PASS">
          <reporter-output>
          </reporter-output>
        </test-method> <!-- testApp -->
      </class> <!-- fitPeo.fitPeo.AppTest -->
    </test> <!-- Surefire test -->
  </suite> <!-- Surefire suite -->
</testng-results>
